2024-01-12T11:20:51.752+05:30  INFO 10456 --- [restartedMain] c.e.demo.SpringBootDemo1Application      : Starting SpringBootDemo1Application using Java 17.0.9 with PID 10456 (C:\Users\Omnicard\eclipse-workspace\SpringBootDemo1\target\classes started by Omnicard in C:\Users\Omnicard\eclipse-workspace\SpringBootDemo1)
2024-01-12T11:20:51.754+05:30  INFO 10456 --- [restartedMain] c.e.demo.SpringBootDemo1Application      : No active profile set, falling back to 1 default profile: "default"
2024-01-12T11:20:51.790+05:30  INFO 10456 --- [restartedMain] .e.DevToolsPropertyDefaultsPostProcessor : Devtools property defaults active! Set 'spring.devtools.add-properties' to 'false' to disable
2024-01-12T11:20:51.801+05:30  INFO 10456 --- [restartedMain] .e.DevToolsPropertyDefaultsPostProcessor : For additional web related logging consider setting the 'logging.level.web' property to 'DEBUG'
2024-01-12T11:20:52.300+05:30  INFO 10456 --- [restartedMain] .s.d.r.c.RepositoryConfigurationDelegate : Bootstrapping Spring Data JPA repositories in DEFAULT mode.
2024-01-12T11:20:52.346+05:30  INFO 10456 --- [restartedMain] .s.d.r.c.RepositoryConfigurationDelegate : Finished Spring Data repository scanning in 38 ms. Found 1 JPA repository interface.
2024-01-12T11:20:52.694+05:30  INFO 10456 --- [restartedMain] o.s.b.w.embedded.tomcat.TomcatWebServer  : Tomcat initialized with port 9797 (http)
2024-01-12T11:20:52.703+05:30  INFO 10456 --- [restartedMain] o.apache.catalina.core.StandardService   : Starting service [Tomcat]
2024-01-12T11:20:52.703+05:30  INFO 10456 --- [restartedMain] o.apache.catalina.core.StandardEngine    : Starting Servlet engine: [Apache Tomcat/10.1.17]
2024-01-12T11:20:52.739+05:30  INFO 10456 --- [restartedMain] o.a.c.c.C.[Tomcat].[localhost].[/]       : Initializing Spring embedded WebApplicationContext
2024-01-12T11:20:52.739+05:30  INFO 10456 --- [restartedMain] w.s.c.ServletWebServerApplicationContext : Root WebApplicationContext: initialization completed in 937 ms
2024-01-12T11:20:52.837+05:30  INFO 10456 --- [restartedMain] o.hibernate.jpa.internal.util.LogHelper  : HHH000204: Processing PersistenceUnitInfo [name: default]
2024-01-12T11:20:52.871+05:30  INFO 10456 --- [restartedMain] org.hibernate.Version                    : HHH000412: Hibernate ORM core version 6.4.1.Final
2024-01-12T11:20:52.893+05:30  INFO 10456 --- [restartedMain] o.h.c.internal.RegionFactoryInitiator    : HHH000026: Second-level cache disabled
2024-01-12T11:20:53.073+05:30  INFO 10456 --- [restartedMain] o.s.o.j.p.SpringPersistenceUnitInfo      : No LoadTimeWeaver setup: ignoring JPA class transformer
2024-01-12T11:20:53.092+05:30  INFO 10456 --- [restartedMain] com.zaxxer.hikari.HikariDataSource       : omnicardGiftCard - Starting...
2024-01-12T11:20:53.331+05:30  INFO 10456 --- [restartedMain] com.zaxxer.hikari.pool.HikariPool        : omnicardGiftCard - Added connection com.mysql.cj.jdbc.ConnectionImpl@676771b7
2024-01-12T11:20:53.332+05:30  INFO 10456 --- [restartedMain] com.zaxxer.hikari.HikariDataSource       : omnicardGiftCard - Start completed.
2024-01-12T11:20:53.920+05:30  INFO 10456 --- [restartedMain] o.h.e.t.j.p.i.JtaPlatformInitiator       : HHH000489: No JTA platform available (set 'hibernate.transaction.jta.platform' to enable JTA platform integration)
2024-01-12T11:20:53.967+05:30  INFO 10456 --- [restartedMain] j.LocalContainerEntityManagerFactoryBean : Initialized JPA EntityManagerFactory for persistence unit 'default'
2024-01-12T11:20:54.200+05:30  WARN 10456 --- [restartedMain] JpaBaseConfiguration$JpaWebConfiguration : spring.jpa.open-in-view is enabled by default. Therefore, database queries may be performed during view rendering. Explicitly configure spring.jpa.open-in-view to disable this warning
2024-01-12T11:20:54.405+05:30  INFO 10456 --- [restartedMain] o.s.b.d.a.OptionalLiveReloadServer       : LiveReload server is running on port 35729
2024-01-12T11:20:54.450+05:30  INFO 10456 --- [restartedMain] o.s.b.w.embedded.tomcat.TomcatWebServer  : Tomcat started on port 9797 (http) with context path ''
2024-01-12T11:20:54.457+05:30  INFO 10456 --- [restartedMain] c.e.demo.SpringBootDemo1Application      : Started SpringBootDemo1Application in 2.979 seconds (process running for 6.185)
2024-01-12T11:21:05.422+05:30  INFO 10456 --- [http-nio-9797-exec-1] o.a.c.c.C.[Tomcat].[localhost].[/]       : Initializing Spring DispatcherServlet 'dispatcherServlet'
2024-01-12T11:21:05.422+05:30  INFO 10456 --- [http-nio-9797-exec-1] o.s.web.servlet.DispatcherServlet        : Initializing Servlet 'dispatcherServlet'
2024-01-12T11:21:05.423+05:30  INFO 10456 --- [http-nio-9797-exec-1] o.s.web.servlet.DispatcherServlet        : Completed initialization in 1 ms
2024-01-12T11:21:05.586+05:30  INFO 10456 --- [http-nio-9797-exec-1] c.e.demo.services.TransactionService     : Successfully fetched Transaction list by Transaction Category
2024-01-12T11:21:05.586+05:30  INFO 10456 --- [http-nio-9797-exec-1] c.e.d.controllers.TransactionController  : Since the downloaded value is false, excel file cannot be dowloaded
2024-01-12T11:33:39.934+05:30  INFO 10456 --- [RMI TCP Connection(17)-127.0.0.1] inMXBeanRegistrar$SpringApplicationAdmin : Application shutdown requested.
2024-01-12T11:33:39.949+05:30  INFO 10456 --- [RMI TCP Connection(17)-127.0.0.1] j.LocalContainerEntityManagerFactoryBean : Closing JPA EntityManagerFactory for persistence unit 'default'
2024-01-12T11:33:39.952+05:30  INFO 10456 --- [RMI TCP Connection(17)-127.0.0.1] com.zaxxer.hikari.HikariDataSource       : omnicardGiftCard - Shutdown initiated...
2024-01-12T11:33:39.955+05:30  INFO 10456 --- [RMI TCP Connection(17)-127.0.0.1] com.zaxxer.hikari.HikariDataSource       : omnicardGiftCard - Shutdown completed.
